Watching for file changes with StatReloader
"POST /api/bot/games/create/ HTTP/1.1" 200 284
"POST /api/bot/games/create/ HTTP/1.1" 200 284
"GET /api/bot/games/819f8ae4-a032-42ff-8124-9a041e669675/ HTTP/1.1" 200 197
"OPTIONS /api/bot/games/819f8ae4-a032-42ff-8124-9a041e669675/delete/ HTTP/1.1" 200 0
"GET /api/bot/games/819f8ae4-a032-42ff-8124-9a041e669675/ HTTP/1.1" 200 197
"DELETE /api/bot/games/819f8ae4-a032-42ff-8124-9a041e669675/delete/ HTTP/1.1" 200 44
"POST /api/bot/games/create/ HTTP/1.1" 200 284
Not Found: /api/bot/games/819f8ae4-a032-42ff-8124-9a041e669675/delete/
"DELETE /api/bot/games/819f8ae4-a032-42ff-8124-9a041e669675/delete/ HTTP/1.1" 404 45
"OPTIONS /api/bot/games/e626aa4f-0833-435e-b208-18099b3d3a69/delete/ HTTP/1.1" 200 0
Not Found: /api/bot/games/819f8ae4-a032-42ff-8124-9a041e669675/
"DELETE /api/bot/games/e626aa4f-0833-435e-b208-18099b3d3a69/delete/ HTTP/1.1" 200 44
"GET /api/bot/games/819f8ae4-a032-42ff-8124-9a041e669675/ HTTP/1.1" 404 56
Not Found: /api/bot/games/819f8ae4-a032-42ff-8124-9a041e669675/delete/
"DELETE /api/bot/games/819f8ae4-a032-42ff-8124-9a041e669675/delete/ HTTP/1.1" 404 45
"POST /api/bot/games/create/ HTTP/1.1" 200 284
"GET /api/bot/games/fa5a6bc1-654c-4a05-811d-4812c1af4363/ HTTP/1.1" 200 197
"OPTIONS /api/bot/games/fa5a6bc1-654c-4a05-811d-4812c1af4363/delete/ HTTP/1.1" 200 0
"GET /api/bot/games/fa5a6bc1-654c-4a05-811d-4812c1af4363/ HTTP/1.1" 200 197
"DELETE /api/bot/games/fa5a6bc1-654c-4a05-811d-4812c1af4363/delete/ HTTP/1.1" 200 44
"POST /api/bot/games/create/ HTTP/1.1" 200 286
Not Found: /api/bot/games/fa5a6bc1-654c-4a05-811d-4812c1af4363/delete/
"DELETE /api/bot/games/fa5a6bc1-654c-4a05-811d-4812c1af4363/delete/ HTTP/1.1" 404 45
"OPTIONS /api/bot/games/ea5170b9-e1cc-4d54-9f64-67ce27c32cd9/move/ HTTP/1.1" 200 0
"POST /api/bot/games/ea5170b9-e1cc-4d54-9f64-67ce27c32cd9/move/ HTTP/1.1" 200 227
Performing system checks...

System check identified no issues (0 silenced).
December 25, 2025 - 16:36:37
Django version 6.0, using settings 'bot.settings'
Starting development server at http://0.0.0.0:8001/
Quit the server with CTRL-BREAK.

WARNING: This is a development server. Do not use it in a production setting. Use a production WSGI or ASGI server instead.
For more information on production servers see: https://docs.djangoproject.com/en/6.0/howto/deployment/
Found opening book at: D:\python\chess coding\chess_bot\assets\book.txt
Loaded opening book with 22234 positions
